This file contains any messages produced by compilers while
running configure, to aid debugging if configure makes a mistake.

It was created by glib configure 2.44.1, which was
generated by GNU Autoconf 2.69.  Invocation command line was

  $ ./configure 

## --------- ##
## Platform. ##
## --------- ##

hostname = g7
uname -m = x86_64
uname -r = 3.16-3-amd64
uname -s = Linux
uname -v = #1 SMP Debian 3.16.5-1 (2014-10-10)

/usr/bin/uname -p = unknown
/bin/uname -X     = unknown

/bin/arch              = unknown
/usr/bin/arch -k       = unknown
/usr/convex/getsysinfo = unknown
/usr/bin/hostinfo      = unknown
/bin/machine           = unknown
/usr/bin/oslevel       = unknown
/bin/universe          = unknown

PATH: /usr/local/bin
PATH: /usr/bin
PATH: /bin
PATH: /usr/local/games
PATH: /usr/games
PATH: /home/pere/android/sdk-ndk/android-ndk-r10e//toolchains/arm-linux-androideabi-4.4.3/prebuilt/linux-x86/bin
PATH: /home/pere/android/sdk-ndk/android-sdk-linux//tools
PATH: /home/pere/android/sdk-ndk/android-sdk-linux//platform-tools
PATH: /home/pere/android/sdk-ndk/android-ndk-r10e/


## ----------- ##
## Core tests. ##
## ----------- ##

configure:3019: checking for a BSD-compatible install
configure:3087: result: /usr/bin/install -c
configure:3098: checking whether build environment is sane
configure:3153: result: yes
configure:3304: checking for a thread-safe mkdir -p
configure:3343: result: /bin/mkdir -p
configure:3350: checking for gawk
configure:3366: found /usr/bin/gawk
configure:3377: result: gawk
configure:3388: checking whether make sets $(MAKE)
configure:3410: result: yes
configure:3439: checking whether make supports nested variables
configure:3456: result: yes
configure:3536: checking whether UID '1000' is supported by ustar format
configure:3539: result: yes
configure:3546: checking whether GID '1000' is supported by ustar format
configure:3549: result: yes
configure:3557: checking how to create a ustar tar archive
configure:3568: tar --version
tar (GNU tar) 1.27.1
Copyright (C) 2013 Free Software Foundation, Inc.
License GPLv3+: GNU GPL version 3 or later <http://gnu.org/licenses/gpl.html>.
This is free software: you are free to change and redistribute it.
There is NO WARRANTY, to the extent permitted by law.

Written by John Gilmore and Jay Fenlason.
configure:3571: $? = 0
configure:3611: tardir=conftest.dir && eval tar --format=ustar -chf - "$tardir" >conftest.tar
configure:3614: $? = 0
configure:3618: tar -xf - <conftest.tar
configure:3621: $? = 0
configure:3623: cat conftest.dir/file
GrepMe
configure:3626: $? = 0
configure:3639: result: gnutar
configure:3690: checking whether to enable maintainer-specific portions of Makefiles
configure:3699: result: yes
configure:3727: checking whether make supports nested variables
configure:3744: result: yes
configure:3846: checking for gcc
configure:3862: found /usr/bin/gcc
configure:3873: result: gcc
configure:4102: checking for C compiler version
configure:4111: gcc --version >&5
gcc (Debian 4.8.2-16) 4.8.2
Copyright (C) 2013 Free Software Foundation, Inc.
This is free software; see the source for copying conditions.  There is NO
warranty; not even for MERCHANTABILITY or FITNESS FOR A PARTICULAR PURPOSE.

configure:4122: $? = 0
configure:4111: gcc -v >&5
Using built-in specs.
COLLECT_GCC=gcc
COLLECT_LTO_WRAPPER=/usr/lib/gcc/x86_64-linux-gnu/4.8/lto-wrapper
Target: x86_64-linux-gnu
Configured with: ../src/configure -v --with-pkgversion='Debian 4.8.2-16' --with-bugurl=file:///usr/share/doc/gcc-4.8/README.Bugs --enable-languages=c,c++,java,go,d,fortran,objc,obj-c++ --prefix=/usr --program-suffix=-4.8 --enable-shared --enable-linker-build-id --libexecdir=/usr/lib --without-included-gettext --enable-threads=posix --with-gxx-include-dir=/usr/include/c++/4.8 --libdir=/usr/lib --enable-nls --with-sysroot=/ --enable-clocale=gnu --enable-libstdcxx-debug --enable-libstdcxx-time=yes --enable-gnu-unique-object --disable-libmudflap --enable-plugin --with-system-zlib --disable-browser-plugin --enable-java-awt=gtk --enable-gtk-cairo --with-java-home=/usr/lib/jvm/java-1.5.0-gcj-4.8-amd64/jre --enable-java-home --with-jvm-root-dir=/usr/lib/jvm/java-1.5.0-gcj-4.8-amd64 --with-jvm-jar-dir=/usr/lib/jvm-exports/java-1.5.0-gcj-4.8-amd64 --with-arch-directory=amd64 --with-ecj-jar=/usr/share/java/eclipse-ecj.jar --enable-objc-gc --enable-multiarch --with-arch-32=i586 --with-abi=m64 --with-multilib-list=m32,m64,mx32 --with-tune=generic --enable-checking=release --build=x86_64-linux-gnu --host=x86_64-linux-gnu --target=x86_64-linux-gnu
Thread model: posix
gcc version 4.8.2 (Debian 4.8.2-16) 
configure:4122: $? = 0
configure:4111: gcc -V >&5
gcc: error: unrecognized command line option '-V'
gcc: fatal error: no input files
compilation terminated.
configure:4122: $? = 4
configure:4111: gcc -qversion >&5
gcc: error: unrecognized command line option '-qversion'
gcc: fatal error: no input files
compilation terminated.
configure:4122: $? = 4
configure:4142: checking whether the C compiler works
configure:4164: gcc    conftest.c  >&5
configure:4168: $? = 0
configure:4216: result: yes
configure:4219: checking for C compiler default output file name
configure:4221: result: a.out
configure:4227: checking for suffix of executables
configure:4234: gcc -o conftest    conftest.c  >&5
configure:4238: $? = 0
configure:4260: result: 
configure:4282: checking whether we are cross compiling
configure:4290: gcc -o conftest    conftest.c  >&5
configure:4294: $? = 0
configure:4301: ./conftest
configure:4305: $? = 0
configure:4320: result: no
configure:4325: checking for suffix of object files
configure:4347: gcc -c   conftest.c >&5
configure:4351: $? = 0
configure:4372: result: o
configure:4376: checking whether we are using the GNU C compiler
configure:4395: gcc -c   conftest.c >&5
configure:4395: $? = 0
configure:4404: result: yes
configure:4413: checking whether gcc accepts -g
configure:4433: gcc -c -g  conftest.c >&5
configure:4433: $? = 0
configure:4474: result: yes
configure:4491: checking for gcc option to accept ISO C89
configure:4554: gcc  -c -g -O2  conftest.c >&5
configure:4554: $? = 0
configure:4567: result: none needed
configure:4592: checking whether gcc understands -c and -o together
configure:4614: gcc -c conftest.c -o conftest2.o
configure:4617: $? = 0
configure:4614: gcc -c conftest.c -o conftest2.o
configure:4617: $? = 0
configure:4629: result: yes
configure:4657: checking for style of include used by make
configure:4685: result: GNU
configure:4711: checking dependency style of gcc
configure:4822: result: gcc3
configure:4842: checking how to run the C preprocessor
configure:4873: gcc -E  conftest.c
configure:4873: $? = 0
configure:4887: gcc -E  conftest.c
conftest.c:14:28: fatal error: ac_nonexistent.h: No such file or directory
 #include <ac_nonexistent.h>
                            ^
compilation terminated.
configure:4887: $? = 1
configure: failed program was:
| /* confdefs.h */
| #define PACKAGE_NAME "glib"
| #define PACKAGE_TARNAME "glib"
| #define PACKAGE_VERSION "2.44.1"
| #define PACKAGE_STRING "glib 2.44.1"
| #define PACKAGE_BUGREPORT "http://bugzilla.gnome.org/enter_bug.cgi?product=glib"
| #define PACKAGE_URL ""
| #define GLIB_MAJOR_VERSION 2
| #define GLIB_MINOR_VERSION 44
| #define GLIB_MICRO_VERSION 1
| #define GLIB_INTERFACE_AGE 1
| #define GLIB_BINARY_AGE 4401
| /* end confdefs.h.  */
| #include <ac_nonexistent.h>
configure:4912: result: gcc -E
configure:4932: gcc -E  conftest.c
configure:4932: $? = 0
configure:4946: gcc -E  conftest.c
conftest.c:14:28: fatal error: ac_nonexistent.h: No such file or directory
 #include <ac_nonexistent.h>
                            ^
compilation terminated.
configure:4946: $? = 1
configure: failed program was:
| /* confdefs.h */
| #define PACKAGE_NAME "glib"
| #define PACKAGE_TARNAME "glib"
| #define PACKAGE_VERSION "2.44.1"
| #define PACKAGE_STRING "glib 2.44.1"
| #define PACKAGE_BUGREPORT "http://bugzilla.gnome.org/enter_bug.cgi?product=glib"
| #define PACKAGE_URL ""
| #define GLIB_MAJOR_VERSION 2
| #define GLIB_MINOR_VERSION 44
| #define GLIB_MICRO_VERSION 1
| #define GLIB_INTERFACE_AGE 1
| #define GLIB_BINARY_AGE 4401
| /* end confdefs.h.  */
| #include <ac_nonexistent.h>
configure:4976: checking for grep that handles long lines and -e
configure:5034: result: /bin/grep
configure:5039: checking for egrep
configure:5101: result: /bin/grep -E
configure:5106: checking for ANSI C header files
configure:5126: gcc -c -g -O2  conftest.c >&5
configure:5126: $? = 0
configure:5199: gcc -o conftest -g -O2   conftest.c  >&5
configure:5199: $? = 0
configure:5199: ./conftest
configure:5199: $? = 0
configure:5210: result: yes
configure:5223: checking for sys/types.h
configure:5223: gcc -c -g -O2  conftest.c >&5
configure:5223: $? = 0
configure:5223: result: yes
configure:5223: checking for sys/stat.h
configure:5223: gcc -c -g -O2  conftest.c >&5
configure:5223: $? = 0
configure:5223: result: yes
configure:5223: checking for stdlib.h
configure:5223: gcc -c -g -O2  conftest.c >&5
configure:5223: $? = 0
configure:5223: result: yes
configure:5223: checking for string.h
configure:5223: gcc -c -g -O2  conftest.c >&5
configure:5223: $? = 0
configure:5223: result: yes
configure:5223: checking for memory.h
configure:5223: gcc -c -g -O2  conftest.c >&5
configure:5223: $? = 0
configure:5223: result: yes
configure:5223: checking for strings.h
configure:5223: gcc -c -g -O2  conftest.c >&5
configure:5223: $? = 0
configure:5223: result: yes
configure:5223: checking for inttypes.h
configure:5223: gcc -c -g -O2  conftest.c >&5
configure:5223: $? = 0
configure:5223: result: yes
configure:5223: checking for stdint.h
configure:5223: gcc -c -g -O2  conftest.c >&5
configure:5223: $? = 0
configure:5223: result: yes
configure:5223: checking for unistd.h
configure:5223: gcc -c -g -O2  conftest.c >&5
configure:5223: $? = 0
configure:5223: result: yes
configure:5236: checking minix/config.h usability
configure:5236: gcc -c -g -O2  conftest.c >&5
conftest.c:57:26: fatal error: minix/config.h: No such file or directory
 #include <minix/config.h>
                          ^
compilation terminated.
configure:5236: $? = 1
configure: failed program was:
| /* confdefs.h */
| #define PACKAGE_NAME "glib"
| #define PACKAGE_TARNAME "glib"
| #define PACKAGE_VERSION "2.44.1"
| #define PACKAGE_STRING "glib 2.44.1"
| #define PACKAGE_BUGREPORT "http://bugzilla.gnome.org/enter_bug.cgi?product=glib"
| #define PACKAGE_URL ""
| #define GLIB_MAJOR_VERSION 2
| #define GLIB_MINOR_VERSION 44
| #define GLIB_MICRO_VERSION 1
| #define GLIB_INTERFACE_AGE 1
| #define GLIB_BINARY_AGE 4401
| #define STDC_HEADERS 1
| #define HAVE_SYS_TYPES_H 1
| #define HAVE_SYS_STAT_H 1
| #define HAVE_STDLIB_H 1
| #define HAVE_STRING_H 1
| #define HAVE_MEMORY_H 1
| #define HAVE_STRINGS_H 1
| #define HAVE_INTTYPES_H 1
| #define HAVE_STDINT_H 1
| #define HAVE_UNISTD_H 1
| /* end confdefs.h.  */
| #include <stdio.h>
| #ifdef HAVE_SYS_TYPES_H
| # include <sys/types.h>
| #endif
| #ifdef HAVE_SYS_STAT_H
| # include <sys/stat.h>
| #endif
| #ifdef STDC_HEADERS
| # include <stdlib.h>
| # include <stddef.h>
| #else
| # ifdef HAVE_STDLIB_H
| #  include <stdlib.h>
| # endif
| #endif
| #ifdef HAVE_STRING_H
| # if !defined STDC_HEADERS && defined HAVE_MEMORY_H
| #  include <memory.h>
| # endif
| # include <string.h>
| #endif
| #ifdef HAVE_STRINGS_H
| # include <strings.h>
| #endif
| #ifdef HAVE_INTTYPES_H
| # include <inttypes.h>
| #endif
| #ifdef HAVE_STDINT_H
| # include <stdint.h>
| #endif
| #ifdef HAVE_UNISTD_H
| # include <unistd.h>
| #endif
| #include <minix/config.h>
configure:5236: result: no
configure:5236: checking minix/config.h presence
configure:5236: gcc -E  conftest.c
conftest.c:24:26: fatal error: minix/config.h: No such file or directory
 #include <minix/config.h>
                          ^
compilation terminated.
configure:5236: $? = 1
configure: failed program was:
| /* confdefs.h */
| #define PACKAGE_NAME "glib"
| #define PACKAGE_TARNAME "glib"
| #define PACKAGE_VERSION "2.44.1"
| #define PACKAGE_STRING "glib 2.44.1"
| #define PACKAGE_BUGREPORT "http://bugzilla.gnome.org/enter_bug.cgi?product=glib"
| #define PACKAGE_URL ""
| #define GLIB_MAJOR_VERSION 2
| #define GLIB_MINOR_VERSION 44
| #define GLIB_MICRO_VERSION 1
| #define GLIB_INTERFACE_AGE 1
| #define GLIB_BINARY_AGE 4401
| #define STDC_HEADERS 1
| #define HAVE_SYS_TYPES_H 1
| #define HAVE_SYS_STAT_H 1
| #define HAVE_STDLIB_H 1
| #define HAVE_STRING_H 1
| #define HAVE_MEMORY_H 1
| #define HAVE_STRINGS_H 1
| #define HAVE_INTTYPES_H 1
| #define HAVE_STDINT_H 1
| #define HAVE_UNISTD_H 1
| /* end confdefs.h.  */
| #include <minix/config.h>
configure:5236: result: no
configure:5236: checking for minix/config.h
configure:5236: result: no
configure:5257: checking whether it is safe to define __EXTENSIONS__
configure:5275: gcc -c -g -O2  conftest.c >&5
configure:5275: $? = 0
configure:5282: result: yes
configure:5310: checking build system type
configure:5324: result: x86_64-unknown-linux-gnu
configure:5344: checking host system type
configure:5357: result: x86_64-unknown-linux-gnu
configure:5379: checking for Win32
configure:5417: result: no
configure:5420: checking for the Android
configure:5430: result: no
configure:5436: checking for Mac OS X Carbon support
configure:5445: gcc -E  conftest.c
conftest.c:30:27: fatal error: Carbon/Carbon.h: No such file or directory
 #include <Carbon/Carbon.h>
                           ^
compilation terminated.
configure:5445: $? = 1
configure: failed program was:
| /* confdefs.h */
| #define PACKAGE_NAME "glib"
| #define PACKAGE_TARNAME "glib"
| #define PACKAGE_VERSION "2.44.1"
| #define PACKAGE_STRING "glib 2.44.1"
| #define PACKAGE_BUGREPORT "http://bugzilla.gnome.org/enter_bug.cgi?product=glib"
| #define PACKAGE_URL ""
| #define GLIB_MAJOR_VERSION 2
| #define GLIB_MINOR_VERSION 44
| #define GLIB_MICRO_VERSION 1
| #define GLIB_INTERFACE_AGE 1
| #define GLIB_BINARY_AGE 4401
| #define STDC_HEADERS 1
| #define HAVE_SYS_TYPES_H 1
| #define HAVE_SYS_STAT_H 1
| #define HAVE_STDLIB_H 1
| #define HAVE_STRING_H 1
| #define HAVE_MEMORY_H 1
| #define HAVE_STRINGS_H 1
| #define HAVE_INTTYPES_H 1
| #define HAVE_STDINT_H 1
| #define HAVE_UNISTD_H 1
| #define __EXTENSIONS__ 1
| #define _ALL_SOURCE 1
| #define _GNU_SOURCE 1
| #define _POSIX_PTHREAD_SEMANTICS 1
| #define _TANDEM_SOURCE 1
| /* end confdefs.h.  */
| 
| #include <Carbon/Carbon.h>
| #include <CoreServices/CoreServices.h>
| 
configure:5450: result: no
configure:5454: checking for Mac OS X Cocoa support
configure:5465: gcc -E  conftest.c
conftest.c:30:25: fatal error: Cocoa/Cocoa.h: No such file or directory
 #include <Cocoa/Cocoa.h>
                         ^
compilation terminated.
configure:5465: $? = 1
configure: failed program was:
| /* confdefs.h */
| #define PACKAGE_NAME "glib"
| #define PACKAGE_TARNAME "glib"
| #define PACKAGE_VERSION "2.44.1"
| #define PACKAGE_STRING "glib 2.44.1"
| #define PACKAGE_BUGREPORT "http://bugzilla.gnome.org/enter_bug.cgi?product=glib"
| #define PACKAGE_URL ""
| #define GLIB_MAJOR_VERSION 2
| #define GLIB_MINOR_VERSION 44
| #define GLIB_MICRO_VERSION 1
| #define GLIB_INTERFACE_AGE 1
| #define GLIB_BINARY_AGE 4401
| #define STDC_HEADERS 1
| #define HAVE_SYS_TYPES_H 1
| #define HAVE_SYS_STAT_H 1
| #define HAVE_STDLIB_H 1
| #define HAVE_STRING_H 1
| #define HAVE_MEMORY_H 1
| #define HAVE_STRINGS_H 1
| #define HAVE_INTTYPES_H 1
| #define HAVE_STDINT_H 1
| #define HAVE_UNISTD_H 1
| #define __EXTENSIONS__ 1
| #define _ALL_SOURCE 1
| #define _GNU_SOURCE 1
| #define _POSIX_PTHREAD_SEMANTICS 1
| #define _TANDEM_SOURCE 1
| /* end confdefs.h.  */
| 
| #include <Cocoa/Cocoa.h>
| #ifdef GNUSTEP_BASE_VERSION
| #error "Detected GNUstep, not Cocoa"
| #endif
| 
configure:5470: result: no
configure:6048: checking whether to enable garbage collector friendliness
configure:6059: result: no
configure:6063: checking whether to disable memory pools
configure:6067: result: no
configure:6150: checking for c++
configure:6166: found /usr/bin/c++
configure:6177: result: c++
configure:6320: checking for C++ compiler version
configure:6329: c++ --version >&5
c++ (Debian 4.8.2-16) 4.8.2
Copyright (C) 2013 Free Software Foundation, Inc.
This is free software; see the source for copying conditions.  There is NO
warranty; not even for MERCHANTABILITY or FITNESS FOR A PARTICULAR PURPOSE.

configure:6340: $? = 0
configure:6329: c++ -v >&5
Using built-in specs.
COLLECT_GCC=c++
COLLECT_LTO_WRAPPER=/usr/lib/gcc/x86_64-linux-gnu/4.8/lto-wrapper
Target: x86_64-linux-gnu
Configured with: ../src/configure -v --with-pkgversion='Debian 4.8.2-16' --with-bugurl=file:///usr/share/doc/gcc-4.8/README.Bugs --enable-languages=c,c++,java,go,d,fortran,objc,obj-c++ --prefix=/usr --program-suffix=-4.8 --enable-shared --enable-linker-build-id --libexecdir=/usr/lib --without-included-gettext --enable-threads=posix --with-gxx-include-dir=/usr/include/c++/4.8 --libdir=/usr/lib --enable-nls --with-sysroot=/ --enable-clocale=gnu --enable-libstdcxx-debug --enable-libstdcxx-time=yes --enable-gnu-unique-object --disable-libmudflap --enable-plugin --with-system-zlib --disable-browser-plugin --enable-java-awt=gtk --enable-gtk-cairo --with-java-home=/usr/lib/jvm/java-1.5.0-gcj-4.8-amd64/jre --enable-java-home --with-jvm-root-dir=/usr/lib/jvm/java-1.5.0-gcj-4.8-amd64 --with-jvm-jar-dir=/usr/lib/jvm-exports/java-1.5.0-gcj-4.8-amd64 --with-arch-directory=amd64 --with-ecj-jar=/usr/share/java/eclipse-ecj.jar --enable-objc-gc --enable-multiarch --with-arch-32=i586 --with-abi=m64 --with-multilib-list=m32,m64,mx32 --with-tune=generic --enable-checking=release --build=x86_64-linux-gnu --host=x86_64-linux-gnu --target=x86_64-linux-gnu
Thread model: posix
gcc version 4.8.2 (Debian 4.8.2-16) 
configure:6340: $? = 0
configure:6329: c++ -V >&5
c++: error: unrecognized command line option '-V'
c++: fatal error: no input files
compilation terminated.
configure:6340: $? = 4
configure:6329: c++ -qversion >&5
c++: error: unrecognized command line option '-qversion'
c++: fatal error: no input files
compilation terminated.
configure:6340: $? = 4
configure:6344: checking whether we are using the GNU C++ compiler
configure:6363: c++ -c   conftest.cpp >&5
configure:6363: $? = 0
configure:6372: result: yes
configure:6381: checking whether c++ accepts -g
configure:6401: c++ -c -g  conftest.cpp >&5
configure:6401: $? = 0
configure:6442: result: yes
configure:6467: checking dependency style of c++
configure:6578: result: gcc3
configure:6605: c++ -c -g -O2  conftest.cpp >&5
configure:6605: $? = 0
configure:6636: checking for special C compiler options needed for large files
configure:6681: result: no
configure:6687: checking for _FILE_OFFSET_BITS value needed for large files
configure:6712: gcc -c -g -O2  conftest.c >&5
configure:6712: $? = 0
configure:6744: result: no
configure:6884: checking for pkg-config
configure:6902: found /usr/bin/pkg-config
configure:6914: result: /usr/bin/pkg-config
configure:6939: checking pkg-config is at least version 0.16
configure:6942: result: yes
configure:7016: checking for gawk
configure:7043: result: gawk
configure:7058: checking for perl5
configure:7088: result: no
configure:7058: checking for perl
configure:7074: found /usr/bin/perl
configure:7085: result: perl
configure:7099: checking for indent
configure:7115: found /usr/bin/indent
configure:7126: result: indent
configure:7148: checking for perl
configure:7166: found /usr/bin/perl
configure:7178: result: /usr/bin/perl
configure:7239: checking for a Python interpreter with version >= 2.5
configure:7256: python -c import sys # split strings by '.' and convert to numeric. Append some zeros # because we need at least 4 digits for the hex conversion. # map returns an iterator in Python 3.0 and a list in 2.x minver = list(map(int, '2.5'.split('.'))) + [0, 0, 0] minverhex = 0 # xrange is not present in Python 3.0 and range returns an iterator for i in list(range(0, 4)): minverhex = (minverhex << 8) + minver[i] sys.exit(sys.hexversion < minverhex)
configure:7259: $? = 0
configure:7265: result: python
configure:7273: checking for python
configure:7291: found /usr/bin/python
configure:7303: result: /usr/bin/python
configure:7321: checking for python version
configure:7328: result: 2.7
configure:7340: checking for python platform
configure:7347: result: linux2
configure:7373: checking for python script directory
configure:7408: result: ${prefix}/lib/python2.7/dist-packages
configure:7417: checking for python extension module directory
configure:7452: result: ${exec_prefix}/lib/python2.7/dist-packages
configure:7488: checking for iconv_open
configure:7488: gcc -o conftest -g -O2   conftest.c  >&5
configure:7488: $? = 0
configure:7488: result: yes
configure:7681: checking for ZLIB
configure:7688: $PKG_CONFIG --exists --print-errors "zlib"
configure:7691: $? = 0
configure:7705: $PKG_CONFIG --exists --print-errors "zlib"
configure:7708: $? = 0
configure:7746: result: yes
configure:7807: checking for LIBFFI
configure:7814: $PKG_CONFIG --exists --print-errors "libffi >= 3.0.0"
Package libffi was not found in the pkg-config search path.
Perhaps you should add the directory containing `libffi.pc'
to the PKG_CONFIG_PATH environment variable
No package 'libffi' found
configure:7817: $? = 1
configure:7831: $PKG_CONFIG --exists --print-errors "libffi >= 3.0.0"
Package libffi was not found in the pkg-config search path.
Perhaps you should add the directory containing `libffi.pc'
to the PKG_CONFIG_PATH environment variable
No package 'libffi' found
configure:7834: $? = 1
configure:7848: result: no
No package 'libffi' found
configure:7864: error: Package requirements (libffi >= 3.0.0) were not met:

No package 'libffi' found

Consider adjusting the PKG_CONFIG_PATH environment variable if you
installed software in a non-standard prefix.

Alternatively, you may set the environment variables LIBFFI_CFLAGS
and LIBFFI_LIBS to avoid the need to call pkg-config.
See the pkg-config man page for more details.

## ---------------- ##
## Cache variables. ##
## ---------------- ##

ac_cv_build=x86_64-unknown-linux-gnu
ac_cv_c_compiler_gnu=yes
ac_cv_cxx_compiler_gnu=yes
ac_cv_env_CCC_set=
ac_cv_env_CCC_value=
ac_cv_env_CC_set=
ac_cv_env_CC_value=
ac_cv_env_CFLAGS_set=
ac_cv_env_CFLAGS_value=
ac_cv_env_CPPFLAGS_set=
ac_cv_env_CPPFLAGS_value=
ac_cv_env_CPP_set=
ac_cv_env_CPP_value=
ac_cv_env_CXXCPP_set=
ac_cv_env_CXXCPP_value=
ac_cv_env_CXXFLAGS_set=
ac_cv_env_CXXFLAGS_value=
ac_cv_env_CXX_set=
ac_cv_env_CXX_value=
ac_cv_env_DBUS1_CFLAGS_set=
ac_cv_env_DBUS1_CFLAGS_value=
ac_cv_env_DBUS1_LIBS_set=
ac_cv_env_DBUS1_LIBS_value=
ac_cv_env_GTKDOC_DEPS_CFLAGS_set=
ac_cv_env_GTKDOC_DEPS_CFLAGS_value=
ac_cv_env_GTKDOC_DEPS_LIBS_set=
ac_cv_env_GTKDOC_DEPS_LIBS_value=
ac_cv_env_LDFLAGS_set=
ac_cv_env_LDFLAGS_value=
ac_cv_env_LIBELF_CFLAGS_set=
ac_cv_env_LIBELF_CFLAGS_value=
ac_cv_env_LIBELF_LIBS_set=
ac_cv_env_LIBELF_LIBS_value=
ac_cv_env_LIBFFI_CFLAGS_set=
ac_cv_env_LIBFFI_CFLAGS_value=
ac_cv_env_LIBFFI_LIBS_set=
ac_cv_env_LIBFFI_LIBS_value=
ac_cv_env_LIBS_set=
ac_cv_env_LIBS_value=
ac_cv_env_PCRE_CFLAGS_set=
ac_cv_env_PCRE_CFLAGS_value=
ac_cv_env_PCRE_LIBS_set=
ac_cv_env_PCRE_LIBS_value=
ac_cv_env_PKG_CONFIG_LIBDIR_set=
ac_cv_env_PKG_CONFIG_LIBDIR_value=
ac_cv_env_PKG_CONFIG_PATH_set=
ac_cv_env_PKG_CONFIG_PATH_value=
ac_cv_env_PKG_CONFIG_set=
ac_cv_env_PKG_CONFIG_value=
ac_cv_env_PYTHON_set=
ac_cv_env_PYTHON_value=
ac_cv_env_ZLIB_CFLAGS_set=
ac_cv_env_ZLIB_CFLAGS_value=
ac_cv_env_ZLIB_LIBS_set=
ac_cv_env_ZLIB_LIBS_value=
ac_cv_env_build_alias_set=
ac_cv_env_build_alias_value=
ac_cv_env_host_alias_set=
ac_cv_env_host_alias_value=
ac_cv_env_target_alias_set=
ac_cv_env_target_alias_value=
ac_cv_func_iconv_open=yes
ac_cv_header_inttypes_h=yes
ac_cv_header_memory_h=yes
ac_cv_header_minix_config_h=no
ac_cv_header_stdc=yes
ac_cv_header_stdint_h=yes
ac_cv_header_stdlib_h=yes
ac_cv_header_string_h=yes
ac_cv_header_strings_h=yes
ac_cv_header_sys_stat_h=yes
ac_cv_header_sys_types_h=yes
ac_cv_header_unistd_h=yes
ac_cv_host=x86_64-unknown-linux-gnu
ac_cv_objext=o
ac_cv_path_EGREP='/bin/grep -E'
ac_cv_path_GREP=/bin/grep
ac_cv_path_PERL_PATH=/usr/bin/perl
ac_cv_path_PYTHON=/usr/bin/python
ac_cv_path_ac_pt_PKG_CONFIG=/usr/bin/pkg-config
ac_cv_path_install='/usr/bin/install -c'
ac_cv_path_mkdir=/bin/mkdir
ac_cv_prog_AWK=gawk
ac_cv_prog_CPP='gcc -E'
ac_cv_prog_INDENT=indent
ac_cv_prog_PERL=perl
ac_cv_prog_ac_ct_CC=gcc
ac_cv_prog_ac_ct_CXX=c++
ac_cv_prog_cc_c89=
ac_cv_prog_cc_g=yes
ac_cv_prog_cxx_g=yes
ac_cv_prog_make_make_set=yes
ac_cv_safe_to_define___extensions__=yes
ac_cv_sys_file_offset_bits=no
ac_cv_sys_largefile_CC=no
am_cv_CC_dependencies_compiler_type=gcc3
am_cv_CXX_dependencies_compiler_type=gcc3
am_cv_make_support_nested_variables=yes
am_cv_pathless_PYTHON=python
am_cv_prog_cc_c_o=yes
am_cv_prog_tar_ustar=gnutar
am_cv_python_platform=linux2
am_cv_python_pyexecdir='${exec_prefix}/lib/python2.7/dist-packages'
am_cv_python_pythondir='${prefix}/lib/python2.7/dist-packages'
am_cv_python_version=2.7
pkg_cv_ZLIB_CFLAGS=' '
pkg_cv_ZLIB_LIBS='-lz  '

## ----------------- ##
## Output variables. ##
## ----------------- ##

ABS_GLIB_RUNTIME_LIBDIR=''
ABS_TAPSET_DIR=''
ACLOCAL='${SHELL} /home/pere/tuxpaint/TuxPaint-Android/jni/glib-2.44.1/missing aclocal-1.15'
ALLOCA=''
AMDEPBACKSLASH='\'
AMDEP_FALSE='#'
AMDEP_TRUE=''
AMTAR='$${TAR-tar}'
AM_BACKSLASH='\'
AM_DEFAULT_V='$(AM_DEFAULT_VERBOSITY)'
AM_DEFAULT_VERBOSITY='0'
AM_V='$(V)'
AR=''
AS=''
AUTOCONF='${SHELL} /home/pere/tuxpaint/TuxPaint-Android/jni/glib-2.44.1/missing autoconf'
AUTOHEADER='${SHELL} /home/pere/tuxpaint/TuxPaint-Android/jni/glib-2.44.1/missing autoheader'
AUTOMAKE='${SHELL} /home/pere/tuxpaint/TuxPaint-Android/jni/glib-2.44.1/missing automake-1.15'
AWK='gawk'
CARBON_LIBS=''
CATALOGS=''
CATOBJEXT=''
CC='gcc'
CCDEPMODE='depmode=gcc3'
CFLAGS='-g -O2'
COCOA_LIBS=''
CONFIG_STATUS_DEPENDENCIES=''
CPP='gcc -E'
CPPFLAGS=''
CROSS_COMPILING_FALSE=''
CROSS_COMPILING_TRUE=''
CXX='c++'
CXXCPP=''
CXXDEPMODE='depmode=gcc3'
CXXFLAGS='-g -O2'
CYGPATH_W='echo'
DATADIRNAME=''
DBUS1_CFLAGS=''
DBUS1_LIBS=''
DBUS_DAEMON=''
DEFS=''
DEPDIR='.deps'
DLLTOOL=''
DSYMUTIL=''
DTRACE=''
DUMPBIN=''
ECHO_C=''
ECHO_N='-n'
ECHO_T=''
EGREP='/bin/grep -E'
ENABLE_ALWAYS_BUILD_TESTS_FALSE=''
ENABLE_ALWAYS_BUILD_TESTS_TRUE='#'
ENABLE_DTRACE_FALSE=''
ENABLE_DTRACE_TRUE=''
ENABLE_GTK_DOC_FALSE=''
ENABLE_GTK_DOC_TRUE=''
ENABLE_INSTALLED_TESTS_FALSE=''
ENABLE_INSTALLED_TESTS_TRUE='#'
ENABLE_MAN_FALSE=''
ENABLE_MAN_TRUE=''
ENABLE_SYSTEMTAP_FALSE=''
ENABLE_SYSTEMTAP_TRUE=''
ENABLE_TIMELOOP_FALSE=''
ENABLE_TIMELOOP_TRUE=''
EXEEXT=''
FAM_LIBS=''
FGREP=''
GETTEXT_PACKAGE=''
GIO=''
GIO_MODULE_DIR=''
GLIBC21=''
GLIB_BINARY_AGE='4401'
GLIB_COMPILE_RESOURCES=''
GLIB_COMPILE_SCHEMAS=''
GLIB_DEBUG_FLAGS='-DG_DISABLE_CAST_CHECKS'
GLIB_EXTRA_CFLAGS=''
GLIB_GENMARSHAL=''
GLIB_HIDDEN_VISIBILITY_CFLAGS=''
GLIB_INTERFACE_AGE='1'
GLIB_LINK_FLAGS=''
GLIB_MAJOR_VERSION='2'
GLIB_MICRO_VERSION='1'
GLIB_MINOR_VERSION='44'
GLIB_RUNTIME_LIBDIR=''
GLIB_VERSION='2.44.1'
GLIB_WARN_CFLAGS=''
GLIB_WIN32_STATIC_COMPILATION_DEFINE=''
GMOFILES=''
GMSGFMT=''
GOBJECT_LINK_FLAGS=''
GREP='/bin/grep'
GSPAWN=''
GTHREAD_COMPILE_IMPL_DEFINES=''
GTKDOC_CHECK=''
GTKDOC_CHECK_PATH=''
GTKDOC_DEPS_CFLAGS=''
GTKDOC_DEPS_LIBS=''
GTKDOC_MKPDF=''
GTKDOC_REBASE=''
GTK_DOC_BUILD_HTML_FALSE=''
GTK_DOC_BUILD_HTML_TRUE=''
GTK_DOC_BUILD_PDF_FALSE=''
GTK_DOC_BUILD_PDF_TRUE=''
GTK_DOC_USE_LIBTOOL_FALSE=''
GTK_DOC_USE_LIBTOOL_TRUE=''
GTK_DOC_USE_REBASE_FALSE=''
GTK_DOC_USE_REBASE_TRUE=''
G_LIBS_EXTRA=''
G_MODULE_BROKEN_RTLD_GLOBAL=''
G_MODULE_HAVE_DLERROR=''
G_MODULE_IMPL=''
G_MODULE_LDFLAGS=''
G_MODULE_LIBS=''
G_MODULE_LIBS_EXTRA=''
G_MODULE_NEED_USCORE=''
G_MODULE_PLUGIN_LIBS=''
G_MODULE_SUPPORTED=''
G_THREAD_CFLAGS=''
G_THREAD_LIBS=''
G_THREAD_LIBS_EXTRA=''
G_THREAD_LIBS_FOR_GTHREAD=''
HAVE_CXX_FALSE='#'
HAVE_CXX_TRUE=''
HAVE_DBUS1_FALSE=''
HAVE_DBUS1_TRUE=''
HAVE_DBUS_DAEMON_FALSE=''
HAVE_DBUS_DAEMON_TRUE=''
HAVE_EVENTFD_FALSE=''
HAVE_EVENTFD_TRUE=''
HAVE_FAM_FALSE=''
HAVE_FAM_TRUE=''
HAVE_FEN_FALSE=''
HAVE_FEN_TRUE=''
HAVE_GCC_FALSE='#'
HAVE_GCC_TRUE=''
HAVE_GLIB_RUNTIME_LIBDIR_FALSE=''
HAVE_GLIB_RUNTIME_LIBDIR_TRUE='#'
HAVE_GNUC_VISIBILITY_FALSE=''
HAVE_GNUC_VISIBILITY_TRUE=''
HAVE_GOOD_PRINTF_FALSE=''
HAVE_GOOD_PRINTF_TRUE=''
HAVE_GTK_DOC_FALSE=''
HAVE_GTK_DOC_TRUE=''
HAVE_INOTIFY_FALSE=''
HAVE_INOTIFY_TRUE=''
HAVE_KQUEUE_FALSE=''
HAVE_KQUEUE_TRUE=''
HAVE_NETLINK_FALSE=''
HAVE_NETLINK_TRUE=''
HAVE_SUNSTUDIO_VISIBILITY_FALSE=''
HAVE_SUNSTUDIO_VISIBILITY_TRUE=''
HTML_DIR=''
ICONV_LIBS=''
INDENT='indent'
INSTALL_DATA='${INSTALL} -m 644'
INSTALL_PROGRAM='${INSTALL}'
INSTALL_SCRIPT='${INSTALL}'
INSTALL_STRIP_PROGRAM='$(install_sh) -c -s'
INSTOBJEXT=''
INTLLIBS=''
LD=''
LDFLAGS=''
LIBELF_CFLAGS=''
LIBELF_LIBS=''
LIBFFI_CFLAGS=''
LIBFFI_LIBS=''
LIBOBJS=''
LIBS=''
LIBTOOL=''
LIB_EXE_MACHINE_FLAG='X86'
LIPO=''
LN_S=''
LTLIBOBJS=''
LTP=''
LTP_GENHTML=''
LT_AGE='4400'
LT_CURRENT='4400'
LT_CURRENT_MINUS_AGE='0'
LT_RELEASE='2.44'
LT_REVISION='1'
MAINT=''
MAINTAINER_MODE_FALSE='#'
MAINTAINER_MODE_TRUE=''
MAKEINFO='${SHELL} /home/pere/tuxpaint/TuxPaint-Android/jni/glib-2.44.1/missing makeinfo'
MANIFEST_TOOL=''
MKDIR_P='/bin/mkdir -p'
MKINSTALLDIRS=''
MSGFMT=''
MSGFMT_OPTS=''
MS_LIB_AVAILABLE_FALSE=''
MS_LIB_AVAILABLE_TRUE='#'
NAMESER_COMPAT_INCLUDE=''
NETWORK_LIBS=''
NM=''
NMEDIT=''
OBJDUMP=''
OBJEXT='o'
OS_CARBON_FALSE=''
OS_CARBON_TRUE='#'
OS_COCOA_FALSE=''
OS_COCOA_TRUE='#'
OS_LINUX_FALSE='#'
OS_LINUX_TRUE=''
OS_UNIX_FALSE='#'
OS_UNIX_TRUE=''
OS_WIN32_AND_DLL_COMPILATION_FALSE=''
OS_WIN32_AND_DLL_COMPILATION_TRUE=''
OS_WIN32_FALSE=''
OS_WIN32_TRUE='#'
OS_WIN32_X64_FALSE=''
OS_WIN32_X64_TRUE='#'
OTOOL64=''
OTOOL=''
PACKAGE='glib'
PACKAGE_BUGREPORT='http://bugzilla.gnome.org/enter_bug.cgi?product=glib'
PACKAGE_NAME='glib'
PACKAGE_STRING='glib 2.44.1'
PACKAGE_TARNAME='glib'
PACKAGE_URL=''
PACKAGE_VERSION='2.44.1'
PATH_SEPARATOR=':'
PCRE_CFLAGS=''
PCRE_LIBS=''
PCRE_REQUIRES=''
PCRE_WARN_CFLAGS=''
PERL='perl'
PERL_PATH='/usr/bin/perl'
PKG_CONFIG='/usr/bin/pkg-config'
PKG_CONFIG_LIBDIR=''
PKG_CONFIG_PATH=''
PLATFORMDEP=''
PLATFORM_WIN32_FALSE=''
PLATFORM_WIN32_TRUE=''
POFILES=''
POSUB=''
PO_IN_DATADIR_FALSE=''
PO_IN_DATADIR_TRUE=''
PYTHON='/usr/bin/python'
PYTHON_EXEC_PREFIX='${exec_prefix}'
PYTHON_PLATFORM='linux2'
PYTHON_PREFIX='${prefix}'
PYTHON_VERSION='2.7'
RANLIB=''
REBUILD=''
SED=''
SELINUX_LIBS=''
SET_MAKE=''
SHELL='/bin/bash'
SHTOOL=''
STRIP=''
THREADS_NONE_FALSE=''
THREADS_NONE_TRUE=''
THREADS_POSIX_FALSE=''
THREADS_POSIX_TRUE=''
THREADS_WIN32_FALSE=''
THREADS_WIN32_TRUE=''
USE_NLS=''
USE_SYSTEM_PCRE_FALSE=''
USE_SYSTEM_PCRE_TRUE=''
VERSION='2.44.1'
WINDRES=''
WSPIAPI_INCLUDE=''
XATTR_LIBS=''
XGETTEXT=''
XMLCATALOG=''
XML_CATALOG_FILE=''
XSLTPROC=''
ZLIB_CFLAGS=' '
ZLIB_LIBS='-lz  '
ac_ct_AR=''
ac_ct_CC='gcc'
ac_ct_CXX='c++'
ac_ct_DUMPBIN=''
am__EXEEXT_FALSE=''
am__EXEEXT_TRUE=''
am__fastdepCC_FALSE='#'
am__fastdepCC_TRUE=''
am__fastdepCXX_FALSE='#'
am__fastdepCXX_TRUE=''
am__include='include'
am__isrc=''
am__leading_dot='.'
am__nodep='_no'
am__quote=''
am__tar='tar --format=ustar -chf - "$$tardir"'
am__untar='tar -xf -'
bindir='${exec_prefix}/bin'
build='x86_64-unknown-linux-gnu'
build_alias=''
build_cpu='x86_64'
build_os='linux-gnu'
build_vendor='unknown'
config_h_INCLUDES=''
datadir='${datarootdir}'
datarootdir='${prefix}/share'
docdir='${datarootdir}/doc/${PACKAGE_TARNAME}'
dvidir='${docdir}'
exec_prefix='NONE'
gio_INCLUDES=''
glib_INCLUDES=''
gmodule_INCLUDES=''
gobject_INCLUDES=''
host='x86_64-unknown-linux-gnu'
host_alias=''
host_cpu='x86_64'
host_os='linux-gnu'
host_vendor='unknown'
htmldir='${docdir}'
includedir='${prefix}/include'
infodir='${datarootdir}/info'
install_sh='${SHELL} /home/pere/tuxpaint/TuxPaint-Android/jni/glib-2.44.1/install-sh'
installed_test_metadir=''
installed_testdir=''
libdir='${exec_prefix}/lib'
libexecdir='${exec_prefix}/libexec'
localedir='${datarootdir}/locale'
localstatedir='${prefix}/var'
mandir='${datarootdir}/man'
mkdir_p='$(MKDIR_P)'
ms_librarian=''
oldincludedir='/usr/include'
pdfdir='${docdir}'
pkgpyexecdir='${pyexecdir}/glib'
pkgpythondir='${pythondir}/glib'
prefix='NONE'
program_transform_name='s,x,x,'
psdir='${docdir}'
pyexecdir='${exec_prefix}/lib/python2.7/dist-packages'
pythondir='${prefix}/lib/python2.7/dist-packages'
sbindir='${exec_prefix}/sbin'
sharedstatedir='${prefix}/com'
sysconfdir='${prefix}/etc'
target_alias=''

## ----------- ##
## confdefs.h. ##
## ----------- ##

/* confdefs.h */
#define PACKAGE_NAME "glib"
#define PACKAGE_TARNAME "glib"
#define PACKAGE_VERSION "2.44.1"
#define PACKAGE_STRING "glib 2.44.1"
#define PACKAGE_BUGREPORT "http://bugzilla.gnome.org/enter_bug.cgi?product=glib"
#define PACKAGE_URL ""
#define GLIB_MAJOR_VERSION 2
#define GLIB_MINOR_VERSION 44
#define GLIB_MICRO_VERSION 1
#define GLIB_INTERFACE_AGE 1
#define GLIB_BINARY_AGE 4401
#define STDC_HEADERS 1
#define HAVE_SYS_TYPES_H 1
#define HAVE_SYS_STAT_H 1
#define HAVE_STDLIB_H 1
#define HAVE_STRING_H 1
#define HAVE_MEMORY_H 1
#define HAVE_STRINGS_H 1
#define HAVE_INTTYPES_H 1
#define HAVE_STDINT_H 1
#define HAVE_UNISTD_H 1
#define __EXTENSIONS__ 1
#define _ALL_SOURCE 1
#define _GNU_SOURCE 1
#define _POSIX_PTHREAD_SEMANTICS 1
#define _TANDEM_SOURCE 1

configure: exit 1
